{"name": "test_invalid_total_price", "status": "failed", "statusDetails": {"message": "AssertionError: Expected status code 400 for invalid total price, but got 200\nassert 200 == 400\n +  where 200 = <Response [200]>.status_code", "trace": "@allure.feature(\"Booking\")\n    @allure.story(\"Test Invalid Total Price Value\")\n    def test_invalid_total_price():\n        token = get_auth_token()\n    \n        headers = {\n            \"Content-Type\": \"application/json\",\n            \"Accept\": \"application/json\",\n            \"Cookie\": f\"token={token}\"\n        }\n    \n        payload = {\n            \"firstname\": \"Jim\",\n            \"lastname\": \"Brown\",\n            \"totalprice\": -111,\n            \"depositpaid\": True,\n            \"bookingdates\": {\n                \"checkin\": \"2023-05-01\",\n                \"checkout\": \"2023-05-02\"\n            }\n        }\n    \n        with allure.step(\"Trying to create a booking with invalid total price\"):\n            response = requests.post(f\"{BASE_URL}/booking\", json=payload, headers=headers)\n    \n        with allure.step(\"Verifying the HTTP status code\"):\n>           assert response.status_code == 400, f\"Expected status code 400 for invalid total price, but got {response.status_code}\"\nE           AssertionError: Expected status code 400 for invalid total price, but got 200\nE           assert 200 == 400\nE            +  where 200 = <Response [200]>.status_code\n\nfunctional_negative_tests/test_invalid_price.py:36: AssertionError"}, "steps": [{"name": "Trying to create a booking with invalid total price", "status": "passed", "start": 1692552815113, "stop": 1692552815753}, {"name": "Verifying the HTTP status code", "status": "failed", "statusDetails": {"message": "AssertionError: Expected status code 400 for invalid total price, but got 200\nassert 200 == 400\n +  where 200 = <Response [200]>.status_code\n", "trace": "  File \"/Users/julia/PycharmProjects/restful_booker_api/tests/functional_negative_tests/test_invalid_price.py\", line 36, in test_invalid_total_price\n    assert response.status_code == 400, f\"Expected status code 400 for invalid total price, but got {response.status_code}\"\n"}, "start": 1692552815753, "stop": 1692552815753}], "start": 1692552814382, "stop": 1692552815759, "uuid": "f7a05d1f-59e7-438d-9a16-ac08fb129f6a", "historyId": "643181254e17c3596cf17029923b8411", "testCaseId": "643181254e17c3596cf17029923b8411", "fullName": "tests.functional_negative_tests.test_invalid_price#test_invalid_total_price", "labels": [{"name": "feature", "value": "Booking"}, {"name": "story", "value": "Test Invalid Total Price Value"}, {"name": "parentSuite", "value": "tests.functional_negative_tests"}, {"name": "suite", "value": "test_invalid_price"}, {"name": "host", "value": "Air-Julia.netis.cc"}, {"name": "thread", "value": "35262-MainThread"}, {"name": "framework", "value": "pytest"}, {"name": "language", "value": "cpython3"}, {"name": "package", "value": "tests.functional_negative_tests.test_invalid_price"}]}