{"name": "test_booking_dates_boundary", "status": "failed", "statusDetails": {"message": "AssertionError: Expected status code 400 for invalid booking dates, but got 200\nassert 200 == 400\n +  where 200 = <Response [200]>.status_code", "trace": "@allure.feature(\"Booking\")\n    @allure.story(\"Test Booking Dates Boundary\")\n    def test_booking_dates_boundary():\n        token = get_auth_token()\n    \n        headers = {\n            \"Content-Type\": \"application/json\",\n            \"Accept\": \"application/json\",\n            \"Cookie\": f\"token={token}\"\n        }\n    \n        payload = {\n            \"firstname\": \"Jim\",\n            \"lastname\": \"Brown\",\n            \"totalprice\": 111,\n            \"depositpaid\": True,\n            \"bookingdates\": {\n                \"checkin\": \"2023-05-01\",\n                \"checkout\": \"2023-04-30\"\n            }\n        }\n    \n        with allure.step(\"Trying to create a booking with checkout date before checkin date\"):\n            response = requests.post(f\"{BASE_URL}/booking\", json=payload, headers=headers)\n    \n        with allure.step(\"Verifying the HTTP status code\"):\n>           assert response.status_code == 400, f\"Expected status code 400 for invalid booking dates, but got {response.status_code}\"\nE           AssertionError: Expected status code 400 for invalid booking dates, but got 200\nE           assert 200 == 400\nE            +  where 200 = <Response [200]>.status_code\n\nfunctional_negative_tests/test_invalid_dates_booking.py:36: AssertionError"}, "steps": [{"name": "Trying to create a booking with checkout date before checkin date", "status": "passed", "start": 1692552813686, "stop": 1692552814308}, {"name": "Verifying the HTTP status code", "status": "failed", "statusDetails": {"message": "AssertionError: Expected status code 400 for invalid booking dates, but got 200\nassert 200 == 400\n +  where 200 = <Response [200]>.status_code\n", "trace": "  File \"/Users/julia/PycharmProjects/restful_booker_api/tests/functional_negative_tests/test_invalid_dates_booking.py\", line 36, in test_booking_dates_boundary\n    assert response.status_code == 400, f\"Expected status code 400 for invalid booking dates, but got {response.status_code}\"\n"}, "start": 1692552814309, "stop": 1692552814310}], "start": 1692552813097, "stop": 1692552814315, "uuid": "a5803a11-f767-48eb-a5fd-e9cebc051505", "historyId": "602bf6130df325513806de57aeb22848", "testCaseId": "602bf6130df325513806de57aeb22848", "fullName": "tests.functional_negative_tests.test_invalid_dates_booking#test_booking_dates_boundary", "labels": [{"name": "feature", "value": "Booking"}, {"name": "story", "value": "Test Booking Dates Boundary"}, {"name": "parentSuite", "value": "tests.functional_negative_tests"}, {"name": "suite", "value": "test_invalid_dates_booking"}, {"name": "host", "value": "Air-Julia.netis.cc"}, {"name": "thread", "value": "35262-MainThread"}, {"name": "framework", "value": "pytest"}, {"name": "language", "value": "cpython3"}, {"name": "package", "value": "tests.functional_negative_tests.test_invalid_dates_booking"}]}